Arguments: 
  /usr/local/lib/nodejs/bin/node /usr/share/yarn/bin/yarn.js dev:electron --mode wallet

PATH: 
  /home/ldc/bin:/home/ldc/.local/bin:/usr/local/sbin:/usr/local/bin:/usr/sbin:/usr/bin:/sbin:/bin:/usr/games:/usr/local/games:/snap/bin:/opt/google/chrome:/usr/local/lib/java/jdk-9.0.4/bin:/usr/local/lib/racket/bin:/usr/local/lib/go/bin:/home/ldc/repos/happyuc-go/src/github.com/happyuc-project/happyuc-go/build/bin:/usr/local/lib/nodejs/bin

Yarn version: 
  1.5.1

Node version: 
  8.10.0

Platform: 
  linux x64

npm manifest: 
  {
    "name": "Mist-Interface",
    "version": "0.1.0",
    "description": "Mist interface application",
    "main": "index.js",
    "scripts": {
      "test": "echo \"Error: no test specified\" && exit 1"
    },
    "repository": {
      "type": "git",
      "url": "git+https://github.com/ethereum/mist.git"
    },
    "keywords": [
      "ethereum",
      "mist",
      "web3"
    ],
    "author": "Fabian Vogelsteller <fabian@ethereum.org>",
    "license": "GPL-3.0",
    "bugs": {
      "url": "https://github.com/ethereum/mist/issues"
    },
    "homepage": "https://github.com/ethereum/mist#readme",
    "dependencies": {
      "babel-runtime": "^6.18.0"
    }
  }

yarn manifest: 
  No manifest

Lockfile: 
  # THIS IS AN AUTOGENERATED FILE. DO NOT EDIT THIS FILE DIRECTLY.
  # yarn lockfile v1
  
  
  babel-runtime@^6.18.0:
    version "6.25.0"
    resolved "https://registry.yarnpkg.com/babel-runtime/-/babel-runtime-6.25.0.tgz#33b98eaa5d482bb01a8d1aa6b437ad2b01aec41c"
    dependencies:
      core-js "^2.4.0"
      regenerator-runtime "^0.10.0"
  
  core-js@^2.4.0:
    version "2.5.0"
    resolved "https://registry.yarnpkg.com/core-js/-/core-js-2.5.0.tgz#569c050918be6486b3837552028ae0466b717086"
  
  regenerator-runtime@^0.10.0:
    version "0.10.5"
    resolved "https://registry.yarnpkg.com/regenerator-runtime/-/regenerator-runtime-0.10.5.tgz#336c3efc1220adcedda2c9fab67b5a7955a33658"

Trace: 
  Error: Command "dev:electron" not found.
      at new MessageError (/usr/share/yarn/lib/cli.js:186:110)
      at /usr/share/yarn/lib/cli.js:87307:17
      at Generator.next (<anonymous>)
      at step (/usr/share/yarn/lib/cli.js:98:30)
      at /usr/share/yarn/lib/cli.js:116:14
      at new Promise (<anonymous>)
      at new F (/usr/share/yarn/lib/cli.js:23451:28)
      at /usr/share/yarn/lib/cli.js:95:12
      at runCommand (/usr/share/yarn/lib/cli.js:87312:22)
      at Object.<anonymous> (/usr/share/yarn/lib/cli.js:87412:14)
